<?xml version="1.0" encoding="UTF-8"?>
<!-- Generated by org.testng.reporters.JUnitReportReporter -->
<testsuite hostname="DESKTOP-1H4CNVS" failures="0" tests="2" name="testNgPackage.TestNgFaceBook" time="-1676454912.000" errors="1" timestamp="2023-02-15T15:25:16 IST" skipped="1">
  <testcase classname="testNgPackage.TestNgFaceBook" name="loginPageofFacebook" time="0.000">
    <skipped/>
  </testcase> <!-- loginPageofFacebook -->
  <system-out/>
  <testcase classname="testNgPackage.TestNgFaceBook" name="lauchBrowser" time="-1676454912.000">
    <error message="
Parameter &#039;chrome&#039; is required by BeforeTest on method lauchBrowser but has not been marked @Optional or defined
in C:\Users\Satish\AppData\Local\Temp\testng-eclipse-1033784702\testng-customsuite.xml" type="org.testng.TestNGException">
      <![CDATA[org.testng.TestNGException: 
Parameter 'chrome' is required by BeforeTest on method lauchBrowser but has not been marked @Optional or defined
in C:\Users\Satish\AppData\Local\Temp\testng-eclipse-1033784702\testng-customsuite.xml
at org.testng.internal.Parameters.createParams(Parameters.java:267)
at org.testng.internal.Parameters.createParametersForMethod(Parameters.java:355)
at org.testng.internal.Parameters.createParameters(Parameters.java:660)
at org.testng.internal.Parameters.createConfigurationParameters(Parameters.java:166)
at org.testng.internal.invokers.ConfigInvoker.invokeConfigurations(ConfigInvoker.java:300)
at org.testng.TestRunner.invokeTestConfigurations(TestRunner.java:645)
at org.testng.TestRunner.beforeRun(TestRunner.java:634)
at org.testng.TestRunner.run(TestRunner.java:596)
at org.testng.SuiteRunner.runTest(SuiteRunner.java:429)
at org.testng.SuiteRunner.runSequentially(SuiteRunner.java:423)
at org.testng.SuiteRunner.privateRun(SuiteRunner.java:383)
at org.testng.SuiteRunner.run(SuiteRunner.java:326)
at org.testng.SuiteRunnerWorker.runSuite(SuiteRunnerWorker.java:52)
at org.testng.SuiteRunnerWorker.run(SuiteRunnerWorker.java:95)
at org.testng.TestNG.runSuitesSequentially(TestNG.java:1249)
at org.testng.TestNG.runSuitesLocally(TestNG.java:1169)
at org.testng.TestNG.runSuites(TestNG.java:1092)
at org.testng.TestNG.run(TestNG.java:1060)
at org.testng.remote.AbstractRemoteTestNG.run(AbstractRemoteTestNG.java:115)
at org.testng.remote.RemoteTestNG.initAndRun(RemoteTestNG.java:251)
at org.testng.remote.RemoteTestNG.main(RemoteTestNG.java:77)
]]>
    </error>
  </testcase> <!-- lauchBrowser -->
  <system-out/>
</testsuite> <!-- testNgPackage.TestNgFaceBook -->
